[debug] [2024-01-21T04:24:07.019Z] ----------------------------------------------------------------------
[debug] [2024-01-21T04:24:07.021Z] Command:       E:\nodejs\node.exe C:\Users\kanha\AppData\Roaming\npm\node_modules\firebase-tools\lib\bin\firebase.js functions:shell
[debug] [2024-01-21T04:24:07.022Z] CLI Version:   13.0.3
[debug] [2024-01-21T04:24:07.022Z] Platform:      win32
[debug] [2024-01-21T04:24:07.022Z] Node Version:  v20.8.0
[debug] [2024-01-21T04:24:07.023Z] Time:          Sun Jan 21 2024 09:54:07 GMT+0530 (India Standard Time)
[debug] [2024-01-21T04:24:07.023Z] ----------------------------------------------------------------------
[debug] 
[debug] [2024-01-21T04:24:07.027Z] >>> [apiv2][query] GET https://firebase-public.firebaseio.com/cli.json [none]
[debug] [2024-01-21T04:24:07.146Z] > command requires scopes: ["email","openid","https://www.googleapis.com/auth/cloudplatformprojects.readonly","https://www.googleapis.com/auth/firebase","https://www.googleapis.com/auth/cloud-platform"]
[debug] [2024-01-21T04:24:07.147Z] > authorizing via signed-in user (kanhaiya11555@gmail.com)
[debug] [2024-01-21T04:24:07.147Z] [iam] checking project shayar-s-room for permissions ["firebase.projects.get"]
[debug] [2024-01-21T04:24:07.148Z] > refreshing access token with scopes: []
[debug] [2024-01-21T04:24:07.149Z] >>> [apiv2][query] POST https://www.googleapis.com/oauth2/v3/token [none]
[debug] [2024-01-21T04:24:07.149Z] >>> [apiv2][body] POST https://www.googleapis.com/oauth2/v3/token [omitted]
[debug] [2024-01-21T04:24:07.165Z] *** [apiv2] error from fetch(https://firebase-public.firebaseio.com/cli.json, {"headers":{},"method":"GET"}): FetchError: request to https://firebase-public.firebaseio.com/cli.json failed, reason: getaddrinfo ENOTFOUND firebase-public.firebaseio.com
[warn] !  Unable to fetch the CLI MOTD and remote config. This is not a fatal error, but may indicate an issue with your network connection. 
[debug] [2024-01-21T04:24:07.168Z] Failed to fetch MOTD FirebaseError: Failed to make request to https://firebase-public.firebaseio.com/cli.json
[debug] [2024-01-21T04:24:07.168Z] *** [apiv2] error from fetch(https://www.googleapis.com/oauth2/v3/token, {"headers":{},"method":"POST","body":{"_overheadLength":545,"_valueLength":212,"_valuesToMeasure":[],"writable":false,"readable":true,"dataSize":0,"maxDataSize":2097152,"pauseStreams":true,"_released":true,"_streams":[],"_currentStream":null,"_insideLoop":false,"_pendingNext":false,"_boundary":"--------------------------741116949929732660118921","_events":{},"_eventsCount":1}}): FetchError: request to https://www.googleapis.com/oauth2/v3/token failed, reason: getaddrinfo ENOTFOUND www.googleapis.com
[debug] [2024-01-21T04:24:07.169Z] [iam] error while checking permissions, command may fail: FirebaseError: Authentication Error: Your credentials are no longer valid. Please run firebase login --reauth

For CI servers and headless environments, generate a new token with firebase login:ci
[debug] [2024-01-21T04:24:07.175Z] [functions] Functions Emulator only supports listening on one address (127.0.0.1). Not listening on ::1
[debug] [2024-01-21T04:24:07.177Z] defaultcredentials: writing to file C:\Users\kanha\AppData\Roaming\firebase\kanhaiya11555_gmail_com_application_default_credentials.json
[debug] [2024-01-21T04:24:07.196Z] DEBUG: Setting GAC to C:\Users\kanha\AppData\Roaming\firebase\kanhaiya11555_gmail_com_application_default_credentials.json
[debug] [2024-01-21T04:24:07.196Z] > refreshing access token with scopes: []
[debug] [2024-01-21T04:24:07.197Z] >>> [apiv2][query] POST https://www.googleapis.com/oauth2/v3/token [none]
[debug] [2024-01-21T04:24:07.197Z] >>> [apiv2][body] POST https://www.googleapis.com/oauth2/v3/token [omitted]
[debug] [2024-01-21T04:24:07.199Z] *** [apiv2] error from fetch(https://www.googleapis.com/oauth2/v3/token, {"headers":{},"method":"POST","body":{"_overheadLength":545,"_valueLength":212,"_valuesToMeasure":[],"writable":false,"readable":true,"dataSize":0,"maxDataSize":2097152,"pauseStreams":true,"_released":true,"_streams":[],"_currentStream":null,"_insideLoop":false,"_pendingNext":false,"_boundary":"--------------------------013022727185183546290847","_events":{},"_eventsCount":1}}): FetchError: request to https://www.googleapis.com/oauth2/v3/token failed, reason: getaddrinfo ENOTFOUND www.googleapis.com
[debug] [2024-01-21T04:24:07.199Z] Failed to get Admin SDK config for shayar-s-room, falling back to cache Failed to get Admin SDK for Firebase project shayar-s-room. Please make sure the project exists and your account has permission to access it. {"name":"FirebaseError","children":[],"exit":2,"message":"Failed to get Admin SDK for Firebase project shayar-s-room. Please make sure the project exists and your account has permission to access it.","original":{"name":"FirebaseError","children":[],"exit":1,"message":"Authentication Error: Your credentials are no longer valid. Please run \u001b[1mfirebase login --reauth\u001b[22m\n\nFor CI servers and headless environments, generate a new token with \u001b[1mfirebase login:ci\u001b[22m","status":500},"status":500}
[warn] !  functions: Unable to fetch project Admin SDK configuration, Admin SDK behavior in Cloud Functions emulator may be incorrect. {"metadata":{"emulator":{"name":"functions"},"message":"Unable to fetch project Admin SDK configuration, Admin SDK behavior in Cloud Functions emulator may be incorrect."}}
[debug] [2024-01-21T04:24:07.213Z] [functions] Watching "D:\REACT-PROJECTS\shayar-s-room\functions" for Cloud Functions...
[debug] [2024-01-21T04:24:07.218Z] Validating nodejs source
[debug] [2024-01-21T04:24:17.242Z] checkFunctionsSDKVersion was unable to fetch information from NPM Error: spawnSync C:\WINDOWS\system32\cmd.exe ETIMEDOUT
    at Object.spawnSync (node:internal/child_process:1124:20)
    at Object.spawnSync (node:child_process:876:24)
    at Function.spawnSync [as sync] (C:\Users\kanha\AppData\Roaming\npm\node_modules\firebase-tools\node_modules\cross-spawn\index.js:26:23)
    at Object.getLatestSDKVersion (C:\Users\kanha\AppData\Roaming\npm\node_modules\firebase-tools\lib\deploy\functions\runtimes\node\versioning.js:54:25)
    at Object.checkFunctionsSDKVersion (C:\Users\kanha\AppData\Roaming\npm\node_modules\firebase-tools\lib\deploy\functions\runtimes\node\versioning.js:74:32)
    at Delegate.validate (C:\Users\kanha\AppData\Roaming\npm\node_modules\firebase-tools\lib\deploy\functions\runtimes\node\index.js:84:20)
    at FunctionsEmulator.discoverTriggers (C:\Users\kanha\AppData\Roaming\npm\node_modules\firebase-tools\lib\emulator\functionsEmulator.js:296:35)
    at async FunctionsEmulator.loadTriggers (C:\Users\kanha\AppData\Roaming\npm\node_modules\firebase-tools\lib\emulator\functionsEmulator.js:325:34)
    at async FunctionsEmulator.connect (C:\Users\kanha\AppData\Roaming\npm\node_modules\firebase-tools\lib\emulator\functionsEmulator.js:262:13)
    at async FunctionsServer.connect (C:\Users\kanha\AppData\Roaming\npm\node_modules\firebase-tools\lib\serve\functions.js:55:9)
[debug] [2024-01-21T04:24:17.243Z] > [functions] package.json contents: {
  "name": "functions",
  "description": "Cloud Functions for Firebase",
  "scripts": {
    "lint": "eslint .",
    "serve": "firebase emulators:start --only functions",
    "shell": "firebase functions:shell",
    "start": "npm run shell",
    "deploy": "firebase deploy --only functions",
    "logs": "firebase functions:log"
  },
  "engines": {
    "node": "18"
  },
  "main": "index.js",
  "dependencies": {
    "bad-words": "^3.0.4",
    "firebase-admin": "^11.8.0",
    "firebase-functions": "^4.3.1"
  },
  "devDependencies": {
    "eslint": "^8.15.0",
    "eslint-config-google": "^0.14.0",
    "firebase-functions-test": "^3.1.0"
  },
  "private": true
}
[debug] [2024-01-21T04:24:17.243Z] Building nodejs source
[debug] [2024-01-21T04:24:17.244Z] Failed to find version of module node: reached end of search path D:\REACT-PROJECTS\shayar-s-room\functions\node_modules
[warn] !  functions: Your requested "node" version "18" doesn't match your global version "20". Using node@20 from host. 
[debug] [2024-01-21T04:24:17.247Z] Could not find functions.yaml. Must use http discovery
[debug] [2024-01-21T04:24:17.256Z] Found firebase-functions binary at 'D:\REACT-PROJECTS\shayar-s-room\functions\node_modules\.bin\firebase-functions'
[info] Serving at port 8636

[debug] [2024-01-21T04:24:23.659Z] Got response from /__/functions.yaml {"endpoints":{"detectEvilUsers":{"platform":"gcfv1","availableMemoryMb":null,"timeoutSeconds":null,"minInstances":null,"maxInstances":null,"ingressSettings":null,"serviceAccountEmail":null,"vpc":null,"eventTrigger":{"eventType":"providers/cloud.firestore/eventTypes/document.create","eventFilters":{"resource":"projects/shayar-s-room/databases/(default)/documents/messages/{msgId}"},"retry":false},"labels":{},"entryPoint":"detectEvilUsers"}},"specVersion":"v1alpha1","requiredAPIs":[]}
[debug] [2024-01-21T04:24:28.701Z] [functions] Loaded functions definitions from source: detectEvilUsers.
[debug] [2024-01-21T04:24:28.702Z] [functions[us-central1-detectEvilUsers]] function ignored because the firestore emulator does not exist or is not running.
[info] i  functions: Loaded functions: detectEvilUsers 
[warn] !  functions: The following emulators are not running, calls to these services will affect production: firestore, database, pubsub, storage, eventarc 
